c:\users\admin\desktop\cour\cour_video\run_way_detection\projet_capstone\freertos_v9.0.1\160919_freertos_labs\freertos-plus\demo\tcp_client\debug\bufferallocation_2.obj
c:\users\admin\desktop\cour\cour_video\run_way_detection\projet_capstone\freertos_v9.0.1\160919_freertos_labs\freertos-plus\demo\tcp_client\debug\canny.obj
c:\users\admin\desktop\cour\cour_video\run_way_detection\projet_capstone\freertos_v9.0.1\160919_freertos_labs\freertos-plus\demo\tcp_client\debug\cli-commands.obj
c:\users\admin\desktop\cour\cour_video\run_way_detection\projet_capstone\freertos_v9.0.1\160919_freertos_labs\freertos-plus\demo\tcp_client\debug\console.obj
c:\users\admin\desktop\cour\cour_video\run_way_detection\projet_capstone\freertos_v9.0.1\160919_freertos_labs\freertos-plus\demo\tcp_client\debug\createandverifyexamplefiles.obj
c:\users\admin\desktop\cour\cour_video\run_way_detection\projet_capstone\freertos_v9.0.1\160919_freertos_labs\freertos-plus\demo\tcp_client\debug\data_encryption_task.obj
c:\users\admin\desktop\cour\cour_video\run_way_detection\projet_capstone\freertos_v9.0.1\160919_freertos_labs\freertos-plus\demo\tcp_client\debug\demoiptrace.obj
c:\users\admin\desktop\cour\cour_video\run_way_detection\projet_capstone\freertos_v9.0.1\160919_freertos_labs\freertos-plus\demo\tcp_client\debug\demo_logging.obj
c:\users\admin\desktop\cour\cour_video\run_way_detection\projet_capstone\freertos_v9.0.1\160919_freertos_labs\freertos-plus\demo\tcp_client\debug\edge_detection_task.obj
c:\users\admin\desktop\cour\cour_video\run_way_detection\projet_capstone\freertos_v9.0.1\160919_freertos_labs\freertos-plus\demo\tcp_client\debug\encrypt_show.obj
c:\users\admin\desktop\cour\cour_video\run_way_detection\projet_capstone\freertos_v9.0.1\160919_freertos_labs\freertos-plus\demo\tcp_client\debug\event_groups.obj
c:\users\admin\desktop\cour\cour_video\run_way_detection\projet_capstone\freertos_v9.0.1\160919_freertos_labs\freertos-plus\demo\tcp_client\debug\ff_crc.obj
c:\users\admin\desktop\cour\cour_video\run_way_detection\projet_capstone\freertos_v9.0.1\160919_freertos_labs\freertos-plus\demo\tcp_client\debug\ff_dir.obj
c:\users\admin\desktop\cour\cour_video\run_way_detection\projet_capstone\freertos_v9.0.1\160919_freertos_labs\freertos-plus\demo\tcp_client\debug\ff_error.obj
c:\users\admin\desktop\cour\cour_video\run_way_detection\projet_capstone\freertos_v9.0.1\160919_freertos_labs\freertos-plus\demo\tcp_client\debug\ff_fat.obj
c:\users\admin\desktop\cour\cour_video\run_way_detection\projet_capstone\freertos_v9.0.1\160919_freertos_labs\freertos-plus\demo\tcp_client\debug\ff_file.obj
c:\users\admin\desktop\cour\cour_video\run_way_detection\projet_capstone\freertos_v9.0.1\160919_freertos_labs\freertos-plus\demo\tcp_client\debug\ff_format.obj
c:\users\admin\desktop\cour\cour_video\run_way_detection\projet_capstone\freertos_v9.0.1\160919_freertos_labs\freertos-plus\demo\tcp_client\debug\ff_ioman.obj
c:\users\admin\desktop\cour\cour_video\run_way_detection\projet_capstone\freertos_v9.0.1\160919_freertos_labs\freertos-plus\demo\tcp_client\debug\ff_locking.obj
c:\users\admin\desktop\cour\cour_video\run_way_detection\projet_capstone\freertos_v9.0.1\160919_freertos_labs\freertos-plus\demo\tcp_client\debug\ff_memory.obj
c:\users\admin\desktop\cour\cour_video\run_way_detection\projet_capstone\freertos_v9.0.1\160919_freertos_labs\freertos-plus\demo\tcp_client\debug\ff_ramdisk.obj
c:\users\admin\desktop\cour\cour_video\run_way_detection\projet_capstone\freertos_v9.0.1\160919_freertos_labs\freertos-plus\demo\tcp_client\debug\ff_stdio.obj
c:\users\admin\desktop\cour\cour_video\run_way_detection\projet_capstone\freertos_v9.0.1\160919_freertos_labs\freertos-plus\demo\tcp_client\debug\ff_stdio_tests_with_cwd.obj
c:\users\admin\desktop\cour\cour_video\run_way_detection\projet_capstone\freertos_v9.0.1\160919_freertos_labs\freertos-plus\demo\tcp_client\debug\ff_string.obj
c:\users\admin\desktop\cour\cour_video\run_way_detection\projet_capstone\freertos_v9.0.1\160919_freertos_labs\freertos-plus\demo\tcp_client\debug\ff_sys.obj
c:\users\admin\desktop\cour\cour_video\run_way_detection\projet_capstone\freertos_v9.0.1\160919_freertos_labs\freertos-plus\demo\tcp_client\debug\ff_time.obj
c:\users\admin\desktop\cour\cour_video\run_way_detection\projet_capstone\freertos_v9.0.1\160919_freertos_labs\freertos-plus\demo\tcp_client\debug\file-related-cli-commands.obj
c:\users\admin\desktop\cour\cour_video\run_way_detection\projet_capstone\freertos_v9.0.1\160919_freertos_labs\freertos-plus\demo\tcp_client\debug\frame.obj
c:\users\admin\desktop\cour\cour_video\run_way_detection\projet_capstone\freertos_v9.0.1\160919_freertos_labs\freertos-plus\demo\tcp_client\debug\freertos_arp.obj
c:\users\admin\desktop\cour\cour_video\run_way_detection\projet_capstone\freertos_v9.0.1\160919_freertos_labs\freertos-plus\demo\tcp_client\debug\freertos_cli.obj
c:\users\admin\desktop\cour\cour_video\run_way_detection\projet_capstone\freertos_v9.0.1\160919_freertos_labs\freertos-plus\demo\tcp_client\debug\freertos_dhcp.obj
c:\users\admin\desktop\cour\cour_video\run_way_detection\projet_capstone\freertos_v9.0.1\160919_freertos_labs\freertos-plus\demo\tcp_client\debug\freertos_dns.obj
c:\users\admin\desktop\cour\cour_video\run_way_detection\projet_capstone\freertos_v9.0.1\160919_freertos_labs\freertos-plus\demo\tcp_client\debug\freertos_ftp_commands.obj
c:\users\admin\desktop\cour\cour_video\run_way_detection\projet_capstone\freertos_v9.0.1\160919_freertos_labs\freertos-plus\demo\tcp_client\debug\freertos_ftp_server.obj
c:\users\admin\desktop\cour\cour_video\run_way_detection\projet_capstone\freertos_v9.0.1\160919_freertos_labs\freertos-plus\demo\tcp_client\debug\freertos_http_commands.obj
c:\users\admin\desktop\cour\cour_video\run_way_detection\projet_capstone\freertos_v9.0.1\160919_freertos_labs\freertos-plus\demo\tcp_client\debug\freertos_http_server.obj
c:\users\admin\desktop\cour\cour_video\run_way_detection\projet_capstone\freertos_v9.0.1\160919_freertos_labs\freertos-plus\demo\tcp_client\debug\freertos_ip.obj
c:\users\admin\desktop\cour\cour_video\run_way_detection\projet_capstone\freertos_v9.0.1\160919_freertos_labs\freertos-plus\demo\tcp_client\debug\freertos_sockets.obj
c:\users\admin\desktop\cour\cour_video\run_way_detection\projet_capstone\freertos_v9.0.1\160919_freertos_labs\freertos-plus\demo\tcp_client\debug\freertos_stream_buffer.obj
c:\users\admin\desktop\cour\cour_video\run_way_detection\projet_capstone\freertos_v9.0.1\160919_freertos_labs\freertos-plus\demo\tcp_client\debug\freertos_tcp_ip.obj
c:\users\admin\desktop\cour\cour_video\run_way_detection\projet_capstone\freertos_v9.0.1\160919_freertos_labs\freertos-plus\demo\tcp_client\debug\freertos_tcp_server.obj
c:\users\admin\desktop\cour\cour_video\run_way_detection\projet_capstone\freertos_v9.0.1\160919_freertos_labs\freertos-plus\demo\tcp_client\debug\freertos_tcp_win.obj
c:\users\admin\desktop\cour\cour_video\run_way_detection\projet_capstone\freertos_v9.0.1\160919_freertos_labs\freertos-plus\demo\tcp_client\debug\freertos_udp_ip.obj
c:\users\admin\desktop\cour\cour_video\run_way_detection\projet_capstone\freertos_v9.0.1\160919_freertos_labs\freertos-plus\demo\tcp_client\debug\heap_4.obj
c:\users\admin\desktop\cour\cour_video\run_way_detection\projet_capstone\freertos_v9.0.1\160919_freertos_labs\freertos-plus\demo\tcp_client\debug\list.obj
c:\users\admin\desktop\cour\cour_video\run_way_detection\projet_capstone\freertos_v9.0.1\160919_freertos_labs\freertos-plus\demo\tcp_client\debug\main.obj
c:\users\admin\desktop\cour\cour_video\run_way_detection\projet_capstone\freertos_v9.0.1\160919_freertos_labs\freertos-plus\demo\tcp_client\debug\networkinterface.obj
c:\users\admin\desktop\cour\cour_video\run_way_detection\projet_capstone\freertos_v9.0.1\160919_freertos_labs\freertos-plus\demo\tcp_client\debug\port.obj
c:\users\admin\desktop\cour\cour_video\run_way_detection\projet_capstone\freertos_v9.0.1\160919_freertos_labs\freertos-plus\demo\tcp_client\debug\queue.obj
c:\users\admin\desktop\cour\cour_video\run_way_detection\projet_capstone\freertos_v9.0.1\160919_freertos_labs\freertos-plus\demo\tcp_client\debug\rsa.obj
c:\users\admin\desktop\cour\cour_video\run_way_detection\projet_capstone\freertos_v9.0.1\160919_freertos_labs\freertos-plus\demo\tcp_client\debug\run-time-stats-utils.obj
c:\users\admin\desktop\cour\cour_video\run_way_detection\projet_capstone\freertos_v9.0.1\160919_freertos_labs\freertos-plus\demo\tcp_client\debug\runway_detection.obj
c:\users\admin\desktop\cour\cour_video\run_way_detection\projet_capstone\freertos_v9.0.1\160919_freertos_labs\freertos-plus\demo\tcp_client\debug\simpletcpechoserver.obj
c:\users\admin\desktop\cour\cour_video\run_way_detection\projet_capstone\freertos_v9.0.1\160919_freertos_labs\freertos-plus\demo\tcp_client\debug\simpleudpclientandserver.obj
c:\users\admin\desktop\cour\cour_video\run_way_detection\projet_capstone\freertos_v9.0.1\160919_freertos_labs\freertos-plus\demo\tcp_client\debug\tasks.obj
c:\users\admin\desktop\cour\cour_video\run_way_detection\projet_capstone\freertos_v9.0.1\160919_freertos_labs\freertos-plus\demo\tcp_client\debug\tcpcommandconsole.obj
c:\users\admin\desktop\cour\cour_video\run_way_detection\projet_capstone\freertos_v9.0.1\160919_freertos_labs\freertos-plus\demo\tcp_client\debug\tcpechoclient_separatetasks.obj
c:\users\admin\desktop\cour\cour_video\run_way_detection\projet_capstone\freertos_v9.0.1\160919_freertos_labs\freertos-plus\demo\tcp_client\debug\tcpechoclient_singletasks.obj
c:\users\admin\desktop\cour\cour_video\run_way_detection\projet_capstone\freertos_v9.0.1\160919_freertos_labs\freertos-plus\demo\tcp_client\debug\tftpserver.obj
c:\users\admin\desktop\cour\cour_video\run_way_detection\projet_capstone\freertos_v9.0.1\160919_freertos_labs\freertos-plus\demo\tcp_client\debug\timers.obj
c:\users\admin\desktop\cour\cour_video\run_way_detection\projet_capstone\freertos_v9.0.1\160919_freertos_labs\freertos-plus\demo\tcp_client\debug\twoudpechoclients.obj
c:\users\admin\desktop\cour\cour_video\run_way_detection\projet_capstone\freertos_v9.0.1\160919_freertos_labs\freertos-plus\demo\tcp_client\debug\udpcommandconsole.obj
c:\users\admin\desktop\cour\cour_video\run_way_detection\projet_capstone\freertos_v9.0.1\160919_freertos_labs\freertos-plus\demo\tcp_client\debug\udpselectserver.obj
c:\users\admin\desktop\cour\cour_video\run_way_detection\projet_capstone\freertos_v9.0.1\160919_freertos_labs\freertos-plus\demo\tcp_client\debug\vc142.idb
c:\users\admin\desktop\cour\cour_video\run_way_detection\projet_capstone\freertos_v9.0.1\160919_freertos_labs\freertos-plus\demo\tcp_client\debug\vc142.pdb
c:\users\admin\desktop\cour\cour_video\run_way_detection\projet_capstone\freertos_v9.0.1\160919_freertos_labs\freertos-plus\demo\tcp_client\debug\bufferallocation_2.sbr
c:\users\admin\desktop\cour\cour_video\run_way_detection\projet_capstone\freertos_v9.0.1\160919_freertos_labs\freertos-plus\demo\tcp_client\debug\canny.sbr
c:\users\admin\desktop\cour\cour_video\run_way_detection\projet_capstone\freertos_v9.0.1\160919_freertos_labs\freertos-plus\demo\tcp_client\debug\cli-commands.sbr
c:\users\admin\desktop\cour\cour_video\run_way_detection\projet_capstone\freertos_v9.0.1\160919_freertos_labs\freertos-plus\demo\tcp_client\debug\console.sbr
c:\users\admin\desktop\cour\cour_video\run_way_detection\projet_capstone\freertos_v9.0.1\160919_freertos_labs\freertos-plus\demo\tcp_client\debug\createandverifyexamplefiles.sbr
c:\users\admin\desktop\cour\cour_video\run_way_detection\projet_capstone\freertos_v9.0.1\160919_freertos_labs\freertos-plus\demo\tcp_client\debug\data_encryption_task.sbr
c:\users\admin\desktop\cour\cour_video\run_way_detection\projet_capstone\freertos_v9.0.1\160919_freertos_labs\freertos-plus\demo\tcp_client\debug\data_transmission_task.sbr
c:\users\admin\desktop\cour\cour_video\run_way_detection\projet_capstone\freertos_v9.0.1\160919_freertos_labs\freertos-plus\demo\tcp_client\debug\demoiptrace.sbr
c:\users\admin\desktop\cour\cour_video\run_way_detection\projet_capstone\freertos_v9.0.1\160919_freertos_labs\freertos-plus\demo\tcp_client\debug\demo_logging.sbr
c:\users\admin\desktop\cour\cour_video\run_way_detection\projet_capstone\freertos_v9.0.1\160919_freertos_labs\freertos-plus\demo\tcp_client\debug\edge_detection_task.sbr
c:\users\admin\desktop\cour\cour_video\run_way_detection\projet_capstone\freertos_v9.0.1\160919_freertos_labs\freertos-plus\demo\tcp_client\debug\encrypt_show.sbr
c:\users\admin\desktop\cour\cour_video\run_way_detection\projet_capstone\freertos_v9.0.1\160919_freertos_labs\freertos-plus\demo\tcp_client\debug\event_groups.sbr
c:\users\admin\desktop\cour\cour_video\run_way_detection\projet_capstone\freertos_v9.0.1\160919_freertos_labs\freertos-plus\demo\tcp_client\debug\ff_crc.sbr
c:\users\admin\desktop\cour\cour_video\run_way_detection\projet_capstone\freertos_v9.0.1\160919_freertos_labs\freertos-plus\demo\tcp_client\debug\ff_dir.sbr
c:\users\admin\desktop\cour\cour_video\run_way_detection\projet_capstone\freertos_v9.0.1\160919_freertos_labs\freertos-plus\demo\tcp_client\debug\ff_error.sbr
c:\users\admin\desktop\cour\cour_video\run_way_detection\projet_capstone\freertos_v9.0.1\160919_freertos_labs\freertos-plus\demo\tcp_client\debug\ff_fat.sbr
c:\users\admin\desktop\cour\cour_video\run_way_detection\projet_capstone\freertos_v9.0.1\160919_freertos_labs\freertos-plus\demo\tcp_client\debug\ff_file.sbr
c:\users\admin\desktop\cour\cour_video\run_way_detection\projet_capstone\freertos_v9.0.1\160919_freertos_labs\freertos-plus\demo\tcp_client\debug\ff_format.sbr
c:\users\admin\desktop\cour\cour_video\run_way_detection\projet_capstone\freertos_v9.0.1\160919_freertos_labs\freertos-plus\demo\tcp_client\debug\ff_ioman.sbr
c:\users\admin\desktop\cour\cour_video\run_way_detection\projet_capstone\freertos_v9.0.1\160919_freertos_labs\freertos-plus\demo\tcp_client\debug\ff_locking.sbr
c:\users\admin\desktop\cour\cour_video\run_way_detection\projet_capstone\freertos_v9.0.1\160919_freertos_labs\freertos-plus\demo\tcp_client\debug\ff_memory.sbr
c:\users\admin\desktop\cour\cour_video\run_way_detection\projet_capstone\freertos_v9.0.1\160919_freertos_labs\freertos-plus\demo\tcp_client\debug\ff_ramdisk.sbr
c:\users\admin\desktop\cour\cour_video\run_way_detection\projet_capstone\freertos_v9.0.1\160919_freertos_labs\freertos-plus\demo\tcp_client\debug\ff_stdio.sbr
c:\users\admin\desktop\cour\cour_video\run_way_detection\projet_capstone\freertos_v9.0.1\160919_freertos_labs\freertos-plus\demo\tcp_client\debug\ff_stdio_tests_with_cwd.sbr
c:\users\admin\desktop\cour\cour_video\run_way_detection\projet_capstone\freertos_v9.0.1\160919_freertos_labs\freertos-plus\demo\tcp_client\debug\ff_string.sbr
c:\users\admin\desktop\cour\cour_video\run_way_detection\projet_capstone\freertos_v9.0.1\160919_freertos_labs\freertos-plus\demo\tcp_client\debug\ff_sys.sbr
c:\users\admin\desktop\cour\cour_video\run_way_detection\projet_capstone\freertos_v9.0.1\160919_freertos_labs\freertos-plus\demo\tcp_client\debug\ff_time.sbr
c:\users\admin\desktop\cour\cour_video\run_way_detection\projet_capstone\freertos_v9.0.1\160919_freertos_labs\freertos-plus\demo\tcp_client\debug\file-related-cli-commands.sbr
c:\users\admin\desktop\cour\cour_video\run_way_detection\projet_capstone\freertos_v9.0.1\160919_freertos_labs\freertos-plus\demo\tcp_client\debug\frame.sbr
c:\users\admin\desktop\cour\cour_video\run_way_detection\projet_capstone\freertos_v9.0.1\160919_freertos_labs\freertos-plus\demo\tcp_client\debug\freertos_arp.sbr
c:\users\admin\desktop\cour\cour_video\run_way_detection\projet_capstone\freertos_v9.0.1\160919_freertos_labs\freertos-plus\demo\tcp_client\debug\freertos_cli.sbr
c:\users\admin\desktop\cour\cour_video\run_way_detection\projet_capstone\freertos_v9.0.1\160919_freertos_labs\freertos-plus\demo\tcp_client\debug\freertos_dhcp.sbr
c:\users\admin\desktop\cour\cour_video\run_way_detection\projet_capstone\freertos_v9.0.1\160919_freertos_labs\freertos-plus\demo\tcp_client\debug\freertos_dns.sbr
c:\users\admin\desktop\cour\cour_video\run_way_detection\projet_capstone\freertos_v9.0.1\160919_freertos_labs\freertos-plus\demo\tcp_client\debug\freertos_ftp_commands.sbr
c:\users\admin\desktop\cour\cour_video\run_way_detection\projet_capstone\freertos_v9.0.1\160919_freertos_labs\freertos-plus\demo\tcp_client\debug\freertos_ftp_server.sbr
c:\users\admin\desktop\cour\cour_video\run_way_detection\projet_capstone\freertos_v9.0.1\160919_freertos_labs\freertos-plus\demo\tcp_client\debug\freertos_http_commands.sbr
c:\users\admin\desktop\cour\cour_video\run_way_detection\projet_capstone\freertos_v9.0.1\160919_freertos_labs\freertos-plus\demo\tcp_client\debug\freertos_http_server.sbr
c:\users\admin\desktop\cour\cour_video\run_way_detection\projet_capstone\freertos_v9.0.1\160919_freertos_labs\freertos-plus\demo\tcp_client\debug\freertos_ip.sbr
c:\users\admin\desktop\cour\cour_video\run_way_detection\projet_capstone\freertos_v9.0.1\160919_freertos_labs\freertos-plus\demo\tcp_client\debug\freertos_sockets.sbr
c:\users\admin\desktop\cour\cour_video\run_way_detection\projet_capstone\freertos_v9.0.1\160919_freertos_labs\freertos-plus\demo\tcp_client\debug\freertos_stream_buffer.sbr
c:\users\admin\desktop\cour\cour_video\run_way_detection\projet_capstone\freertos_v9.0.1\160919_freertos_labs\freertos-plus\demo\tcp_client\debug\freertos_tcp_ip.sbr
c:\users\admin\desktop\cour\cour_video\run_way_detection\projet_capstone\freertos_v9.0.1\160919_freertos_labs\freertos-plus\demo\tcp_client\debug\freertos_tcp_server.sbr
c:\users\admin\desktop\cour\cour_video\run_way_detection\projet_capstone\freertos_v9.0.1\160919_freertos_labs\freertos-plus\demo\tcp_client\debug\freertos_tcp_win.sbr
c:\users\admin\desktop\cour\cour_video\run_way_detection\projet_capstone\freertos_v9.0.1\160919_freertos_labs\freertos-plus\demo\tcp_client\debug\freertos_udp_ip.sbr
c:\users\admin\desktop\cour\cour_video\run_way_detection\projet_capstone\freertos_v9.0.1\160919_freertos_labs\freertos-plus\demo\tcp_client\debug\heap_4.sbr
c:\users\admin\desktop\cour\cour_video\run_way_detection\projet_capstone\freertos_v9.0.1\160919_freertos_labs\freertos-plus\demo\tcp_client\debug\list.sbr
c:\users\admin\desktop\cour\cour_video\run_way_detection\projet_capstone\freertos_v9.0.1\160919_freertos_labs\freertos-plus\demo\tcp_client\debug\main.sbr
c:\users\admin\desktop\cour\cour_video\run_way_detection\projet_capstone\freertos_v9.0.1\160919_freertos_labs\freertos-plus\demo\tcp_client\debug\networkinterface.sbr
c:\users\admin\desktop\cour\cour_video\run_way_detection\projet_capstone\freertos_v9.0.1\160919_freertos_labs\freertos-plus\demo\tcp_client\debug\port.sbr
c:\users\admin\desktop\cour\cour_video\run_way_detection\projet_capstone\freertos_v9.0.1\160919_freertos_labs\freertos-plus\demo\tcp_client\debug\queue.sbr
c:\users\admin\desktop\cour\cour_video\run_way_detection\projet_capstone\freertos_v9.0.1\160919_freertos_labs\freertos-plus\demo\tcp_client\debug\rsa.sbr
c:\users\admin\desktop\cour\cour_video\run_way_detection\projet_capstone\freertos_v9.0.1\160919_freertos_labs\freertos-plus\demo\tcp_client\debug\run-time-stats-utils.sbr
c:\users\admin\desktop\cour\cour_video\run_way_detection\projet_capstone\freertos_v9.0.1\160919_freertos_labs\freertos-plus\demo\tcp_client\debug\runway_detection.sbr
c:\users\admin\desktop\cour\cour_video\run_way_detection\projet_capstone\freertos_v9.0.1\160919_freertos_labs\freertos-plus\demo\tcp_client\debug\simpletcpechoserver.sbr
c:\users\admin\desktop\cour\cour_video\run_way_detection\projet_capstone\freertos_v9.0.1\160919_freertos_labs\freertos-plus\demo\tcp_client\debug\simpleudpclientandserver.sbr
c:\users\admin\desktop\cour\cour_video\run_way_detection\projet_capstone\freertos_v9.0.1\160919_freertos_labs\freertos-plus\demo\tcp_client\debug\tasks.sbr
c:\users\admin\desktop\cour\cour_video\run_way_detection\projet_capstone\freertos_v9.0.1\160919_freertos_labs\freertos-plus\demo\tcp_client\debug\tcpcommandconsole.sbr
c:\users\admin\desktop\cour\cour_video\run_way_detection\projet_capstone\freertos_v9.0.1\160919_freertos_labs\freertos-plus\demo\tcp_client\debug\tcpechoclient_separatetasks.sbr
c:\users\admin\desktop\cour\cour_video\run_way_detection\projet_capstone\freertos_v9.0.1\160919_freertos_labs\freertos-plus\demo\tcp_client\debug\tcpechoclient_singletasks.sbr
c:\users\admin\desktop\cour\cour_video\run_way_detection\projet_capstone\freertos_v9.0.1\160919_freertos_labs\freertos-plus\demo\tcp_client\debug\tftpserver.sbr
c:\users\admin\desktop\cour\cour_video\run_way_detection\projet_capstone\freertos_v9.0.1\160919_freertos_labs\freertos-plus\demo\tcp_client\debug\timers.sbr
c:\users\admin\desktop\cour\cour_video\run_way_detection\projet_capstone\freertos_v9.0.1\160919_freertos_labs\freertos-plus\demo\tcp_client\debug\twoudpechoclients.sbr
c:\users\admin\desktop\cour\cour_video\run_way_detection\projet_capstone\freertos_v9.0.1\160919_freertos_labs\freertos-plus\demo\tcp_client\debug\udpcommandconsole.sbr
c:\users\admin\desktop\cour\cour_video\run_way_detection\projet_capstone\freertos_v9.0.1\160919_freertos_labs\freertos-plus\demo\tcp_client\debug\udpselectserver.sbr
c:\users\admin\desktop\cour\cour_video\run_way_detection\projet_capstone\freertos_v9.0.1\160919_freertos_labs\freertos-plus\demo\tcp_client\debug\windows_socket.sbr
c:\users\admin\desktop\cour\cour_video\run_way_detection\projet_capstone\freertos_v9.0.1\160919_freertos_labs\freertos-plus\demo\tcp_client\debug\bufferallocation_2.nativecodeanalysis.xml
c:\users\admin\desktop\cour\cour_video\run_way_detection\projet_capstone\freertos_v9.0.1\160919_freertos_labs\freertos-plus\demo\tcp_client\debug\canny.nativecodeanalysis.xml
c:\users\admin\desktop\cour\cour_video\run_way_detection\projet_capstone\freertos_v9.0.1\160919_freertos_labs\freertos-plus\demo\tcp_client\debug\cli-commands.nativecodeanalysis.xml
c:\users\admin\desktop\cour\cour_video\run_way_detection\projet_capstone\freertos_v9.0.1\160919_freertos_labs\freertos-plus\demo\tcp_client\debug\console.nativecodeanalysis.xml
c:\users\admin\desktop\cour\cour_video\run_way_detection\projet_capstone\freertos_v9.0.1\160919_freertos_labs\freertos-plus\demo\tcp_client\debug\createandverifyexamplefiles.nativecodeanalysis.xml
c:\users\admin\desktop\cour\cour_video\run_way_detection\projet_capstone\freertos_v9.0.1\160919_freertos_labs\freertos-plus\demo\tcp_client\debug\data_encryption_task.nativecodeanalysis.xml
c:\users\admin\desktop\cour\cour_video\run_way_detection\projet_capstone\freertos_v9.0.1\160919_freertos_labs\freertos-plus\demo\tcp_client\debug\demoiptrace.nativecodeanalysis.xml
c:\users\admin\desktop\cour\cour_video\run_way_detection\projet_capstone\freertos_v9.0.1\160919_freertos_labs\freertos-plus\demo\tcp_client\debug\demo_logging.nativecodeanalysis.xml
c:\users\admin\desktop\cour\cour_video\run_way_detection\projet_capstone\freertos_v9.0.1\160919_freertos_labs\freertos-plus\demo\tcp_client\debug\edge_detection_task.nativecodeanalysis.xml
c:\users\admin\desktop\cour\cour_video\run_way_detection\projet_capstone\freertos_v9.0.1\160919_freertos_labs\freertos-plus\demo\tcp_client\debug\encrypt_show.nativecodeanalysis.xml
c:\users\admin\desktop\cour\cour_video\run_way_detection\projet_capstone\freertos_v9.0.1\160919_freertos_labs\freertos-plus\demo\tcp_client\debug\event_groups.nativecodeanalysis.xml
c:\users\admin\desktop\cour\cour_video\run_way_detection\projet_capstone\freertos_v9.0.1\160919_freertos_labs\freertos-plus\demo\tcp_client\debug\ff_crc.nativecodeanalysis.xml
c:\users\admin\desktop\cour\cour_video\run_way_detection\projet_capstone\freertos_v9.0.1\160919_freertos_labs\freertos-plus\demo\tcp_client\debug\ff_dir.nativecodeanalysis.xml
c:\users\admin\desktop\cour\cour_video\run_way_detection\projet_capstone\freertos_v9.0.1\160919_freertos_labs\freertos-plus\demo\tcp_client\debug\ff_error.nativecodeanalysis.xml
c:\users\admin\desktop\cour\cour_video\run_way_detection\projet_capstone\freertos_v9.0.1\160919_freertos_labs\freertos-plus\demo\tcp_client\debug\ff_fat.nativecodeanalysis.xml
c:\users\admin\desktop\cour\cour_video\run_way_detection\projet_capstone\freertos_v9.0.1\160919_freertos_labs\freertos-plus\demo\tcp_client\debug\ff_file.nativecodeanalysis.xml
c:\users\admin\desktop\cour\cour_video\run_way_detection\projet_capstone\freertos_v9.0.1\160919_freertos_labs\freertos-plus\demo\tcp_client\debug\ff_format.nativecodeanalysis.xml
c:\users\admin\desktop\cour\cour_video\run_way_detection\projet_capstone\freertos_v9.0.1\160919_freertos_labs\freertos-plus\demo\tcp_client\debug\ff_ioman.nativecodeanalysis.xml
c:\users\admin\desktop\cour\cour_video\run_way_detection\projet_capstone\freertos_v9.0.1\160919_freertos_labs\freertos-plus\demo\tcp_client\debug\ff_locking.nativecodeanalysis.xml
c:\users\admin\desktop\cour\cour_video\run_way_detection\projet_capstone\freertos_v9.0.1\160919_freertos_labs\freertos-plus\demo\tcp_client\debug\ff_memory.nativecodeanalysis.xml
c:\users\admin\desktop\cour\cour_video\run_way_detection\projet_capstone\freertos_v9.0.1\160919_freertos_labs\freertos-plus\demo\tcp_client\debug\ff_ramdisk.nativecodeanalysis.xml
c:\users\admin\desktop\cour\cour_video\run_way_detection\projet_capstone\freertos_v9.0.1\160919_freertos_labs\freertos-plus\demo\tcp_client\debug\ff_stdio.nativecodeanalysis.xml
c:\users\admin\desktop\cour\cour_video\run_way_detection\projet_capstone\freertos_v9.0.1\160919_freertos_labs\freertos-plus\demo\tcp_client\debug\ff_stdio_tests_with_cwd.nativecodeanalysis.xml
c:\users\admin\desktop\cour\cour_video\run_way_detection\projet_capstone\freertos_v9.0.1\160919_freertos_labs\freertos-plus\demo\tcp_client\debug\ff_string.nativecodeanalysis.xml
c:\users\admin\desktop\cour\cour_video\run_way_detection\projet_capstone\freertos_v9.0.1\160919_freertos_labs\freertos-plus\demo\tcp_client\debug\ff_sys.nativecodeanalysis.xml
c:\users\admin\desktop\cour\cour_video\run_way_detection\projet_capstone\freertos_v9.0.1\160919_freertos_labs\freertos-plus\demo\tcp_client\debug\ff_time.nativecodeanalysis.xml
c:\users\admin\desktop\cour\cour_video\run_way_detection\projet_capstone\freertos_v9.0.1\160919_freertos_labs\freertos-plus\demo\tcp_client\debug\file-related-cli-commands.nativecodeanalysis.xml
c:\users\admin\desktop\cour\cour_video\run_way_detection\projet_capstone\freertos_v9.0.1\160919_freertos_labs\freertos-plus\demo\tcp_client\debug\frame.nativecodeanalysis.xml
c:\users\admin\desktop\cour\cour_video\run_way_detection\projet_capstone\freertos_v9.0.1\160919_freertos_labs\freertos-plus\demo\tcp_client\debug\freertos_arp.nativecodeanalysis.xml
c:\users\admin\desktop\cour\cour_video\run_way_detection\projet_capstone\freertos_v9.0.1\160919_freertos_labs\freertos-plus\demo\tcp_client\debug\freertos_cli.nativecodeanalysis.xml
c:\users\admin\desktop\cour\cour_video\run_way_detection\projet_capstone\freertos_v9.0.1\160919_freertos_labs\freertos-plus\demo\tcp_client\debug\freertos_dhcp.nativecodeanalysis.xml
c:\users\admin\desktop\cour\cour_video\run_way_detection\projet_capstone\freertos_v9.0.1\160919_freertos_labs\freertos-plus\demo\tcp_client\debug\freertos_dns.nativecodeanalysis.xml
c:\users\admin\desktop\cour\cour_video\run_way_detection\projet_capstone\freertos_v9.0.1\160919_freertos_labs\freertos-plus\demo\tcp_client\debug\freertos_ftp_commands.nativecodeanalysis.xml
c:\users\admin\desktop\cour\cour_video\run_way_detection\projet_capstone\freertos_v9.0.1\160919_freertos_labs\freertos-plus\demo\tcp_client\debug\freertos_ftp_server.nativecodeanalysis.xml
c:\users\admin\desktop\cour\cour_video\run_way_detection\projet_capstone\freertos_v9.0.1\160919_freertos_labs\freertos-plus\demo\tcp_client\debug\freertos_http_commands.nativecodeanalysis.xml
c:\users\admin\desktop\cour\cour_video\run_way_detection\projet_capstone\freertos_v9.0.1\160919_freertos_labs\freertos-plus\demo\tcp_client\debug\freertos_http_server.nativecodeanalysis.xml
c:\users\admin\desktop\cour\cour_video\run_way_detection\projet_capstone\freertos_v9.0.1\160919_freertos_labs\freertos-plus\demo\tcp_client\debug\freertos_ip.nativecodeanalysis.xml
c:\users\admin\desktop\cour\cour_video\run_way_detection\projet_capstone\freertos_v9.0.1\160919_freertos_labs\freertos-plus\demo\tcp_client\debug\freertos_sockets.nativecodeanalysis.xml
c:\users\admin\desktop\cour\cour_video\run_way_detection\projet_capstone\freertos_v9.0.1\160919_freertos_labs\freertos-plus\demo\tcp_client\debug\freertos_stream_buffer.nativecodeanalysis.xml
c:\users\admin\desktop\cour\cour_video\run_way_detection\projet_capstone\freertos_v9.0.1\160919_freertos_labs\freertos-plus\demo\tcp_client\debug\freertos_tcp_ip.nativecodeanalysis.xml
c:\users\admin\desktop\cour\cour_video\run_way_detection\projet_capstone\freertos_v9.0.1\160919_freertos_labs\freertos-plus\demo\tcp_client\debug\freertos_tcp_server.nativecodeanalysis.xml
c:\users\admin\desktop\cour\cour_video\run_way_detection\projet_capstone\freertos_v9.0.1\160919_freertos_labs\freertos-plus\demo\tcp_client\debug\freertos_tcp_win.nativecodeanalysis.xml
c:\users\admin\desktop\cour\cour_video\run_way_detection\projet_capstone\freertos_v9.0.1\160919_freertos_labs\freertos-plus\demo\tcp_client\debug\freertos_udp_ip.nativecodeanalysis.xml
c:\users\admin\desktop\cour\cour_video\run_way_detection\projet_capstone\freertos_v9.0.1\160919_freertos_labs\freertos-plus\demo\tcp_client\debug\heap_4.nativecodeanalysis.xml
c:\users\admin\desktop\cour\cour_video\run_way_detection\projet_capstone\freertos_v9.0.1\160919_freertos_labs\freertos-plus\demo\tcp_client\debug\list.nativecodeanalysis.xml
c:\users\admin\desktop\cour\cour_video\run_way_detection\projet_capstone\freertos_v9.0.1\160919_freertos_labs\freertos-plus\demo\tcp_client\debug\main.nativecodeanalysis.xml
c:\users\admin\desktop\cour\cour_video\run_way_detection\projet_capstone\freertos_v9.0.1\160919_freertos_labs\freertos-plus\demo\tcp_client\debug\networkinterface.nativecodeanalysis.xml
c:\users\admin\desktop\cour\cour_video\run_way_detection\projet_capstone\freertos_v9.0.1\160919_freertos_labs\freertos-plus\demo\tcp_client\debug\port.nativecodeanalysis.xml
c:\users\admin\desktop\cour\cour_video\run_way_detection\projet_capstone\freertos_v9.0.1\160919_freertos_labs\freertos-plus\demo\tcp_client\debug\queue.nativecodeanalysis.xml
c:\users\admin\desktop\cour\cour_video\run_way_detection\projet_capstone\freertos_v9.0.1\160919_freertos_labs\freertos-plus\demo\tcp_client\debug\rsa.nativecodeanalysis.xml
c:\users\admin\desktop\cour\cour_video\run_way_detection\projet_capstone\freertos_v9.0.1\160919_freertos_labs\freertos-plus\demo\tcp_client\debug\run-time-stats-utils.nativecodeanalysis.xml
c:\users\admin\desktop\cour\cour_video\run_way_detection\projet_capstone\freertos_v9.0.1\160919_freertos_labs\freertos-plus\demo\tcp_client\debug\runway_detection.nativecodeanalysis.xml
c:\users\admin\desktop\cour\cour_video\run_way_detection\projet_capstone\freertos_v9.0.1\160919_freertos_labs\freertos-plus\demo\tcp_client\debug\simpletcpechoserver.nativecodeanalysis.xml
c:\users\admin\desktop\cour\cour_video\run_way_detection\projet_capstone\freertos_v9.0.1\160919_freertos_labs\freertos-plus\demo\tcp_client\debug\simpleudpclientandserver.nativecodeanalysis.xml
c:\users\admin\desktop\cour\cour_video\run_way_detection\projet_capstone\freertos_v9.0.1\160919_freertos_labs\freertos-plus\demo\tcp_client\debug\tasks.nativecodeanalysis.xml
c:\users\admin\desktop\cour\cour_video\run_way_detection\projet_capstone\freertos_v9.0.1\160919_freertos_labs\freertos-plus\demo\tcp_client\debug\tcpcommandconsole.nativecodeanalysis.xml
c:\users\admin\desktop\cour\cour_video\run_way_detection\projet_capstone\freertos_v9.0.1\160919_freertos_labs\freertos-plus\demo\tcp_client\debug\tcpechoclient_separatetasks.nativecodeanalysis.xml
c:\users\admin\desktop\cour\cour_video\run_way_detection\projet_capstone\freertos_v9.0.1\160919_freertos_labs\freertos-plus\demo\tcp_client\debug\tcpechoclient_singletasks.nativecodeanalysis.xml
c:\users\admin\desktop\cour\cour_video\run_way_detection\projet_capstone\freertos_v9.0.1\160919_freertos_labs\freertos-plus\demo\tcp_client\debug\tftpserver.nativecodeanalysis.xml
c:\users\admin\desktop\cour\cour_video\run_way_detection\projet_capstone\freertos_v9.0.1\160919_freertos_labs\freertos-plus\demo\tcp_client\debug\timers.nativecodeanalysis.xml
c:\users\admin\desktop\cour\cour_video\run_way_detection\projet_capstone\freertos_v9.0.1\160919_freertos_labs\freertos-plus\demo\tcp_client\debug\twoudpechoclients.nativecodeanalysis.xml
c:\users\admin\desktop\cour\cour_video\run_way_detection\projet_capstone\freertos_v9.0.1\160919_freertos_labs\freertos-plus\demo\tcp_client\debug\udpcommandconsole.nativecodeanalysis.xml
c:\users\admin\desktop\cour\cour_video\run_way_detection\projet_capstone\freertos_v9.0.1\160919_freertos_labs\freertos-plus\demo\tcp_client\debug\udpselectserver.nativecodeanalysis.xml
c:\users\admin\desktop\cour\cour_video\run_way_detection\projet_capstone\freertos_v9.0.1\160919_freertos_labs\freertos-plus\demo\tcp_client\debug\rtosdemo.tlog\cl.command.1.tlog
